-------------------------------------------------------------------------------
Test set: com.example.codeclan.pirateservice.PirateserviceApplicationTests
-------------------------------------------------------------------------------
Tests run: 8, Failures: 0, Errors: 8, Skipped: 0, Time elapsed: 6.403 s <<< FAILURE! - in com.example.codeclan.pirateservice.PirateserviceApplicationTests
canFindAllRaidsForAGivenShip(com.example.codeclan.pirateservice.PirateserviceApplicationTests)  Time elapsed: 0.002 s  <<< ERROR!
java.lang.IllegalStateException: Failed to load ApplicationContext
Caused by: org.springframework.beans.factory.BeanCreationException: Error creating bean with name 'entityManagerFactory' defined in class path resource [org/springframework/boot/autoconfigure/orm/jpa/HibernateJpaConfiguration.class]: Invocation of init method failed; nested exception is javax.persistence.PersistenceException: [PersistenceUnit: default] Unable to build Hibernate SessionFactory; nested exception is org.hibernate.cfg.beanvalidation.IntegrationException: Error activating Bean Validation integration
Caused by: javax.persistence.PersistenceException: [PersistenceUnit: default] Unable to build Hibernate SessionFactory; nested exception is org.hibernate.cfg.beanvalidation.IntegrationException: Error activating Bean Validation integration
Caused by: org.hibernate.cfg.beanvalidation.IntegrationException: Error activating Bean Validation integration
Caused by: java.lang.NoClassDefFoundError: javax/validation/ParameterNameProvider
Caused by: java.lang.ClassNotFoundException: javax.validation.ParameterNameProvider

findRaidByLocation(com.example.codeclan.pirateservice.PirateserviceApplicationTests)  Time elapsed: 0.001 s  <<< ERROR!
java.lang.IllegalStateException: Failed to load ApplicationContext
Caused by: org.springframework.beans.factory.BeanCreationException: Error creating bean with name 'entityManagerFactory' defined in class path resource [org/springframework/boot/autoconfigure/orm/jpa/HibernateJpaConfiguration.class]: Invocation of init method failed; nested exception is javax.persistence.PersistenceException: [PersistenceUnit: default] Unable to build Hibernate SessionFactory; nested exception is org.hibernate.cfg.beanvalidation.IntegrationException: Error activating Bean Validation integration
Caused by: javax.persistence.PersistenceException: [PersistenceUnit: default] Unable to build Hibernate SessionFactory; nested exception is org.hibernate.cfg.beanvalidation.IntegrationException: Error activating Bean Validation integration
Caused by: org.hibernate.cfg.beanvalidation.IntegrationException: Error activating Bean Validation integration
Caused by: java.lang.NoClassDefFoundError: javax/validation/ParameterNameProvider
Caused by: java.lang.ClassNotFoundException: javax.validation.ParameterNameProvider

findPiratesByRaidId(com.example.codeclan.pirateservice.PirateserviceApplicationTests)  Time elapsed: 0 s  <<< ERROR!
java.lang.IllegalStateException: Failed to load ApplicationContext
Caused by: org.springframework.beans.factory.BeanCreationException: Error creating bean with name 'entityManagerFactory' defined in class path resource [org/springframework/boot/autoconfigure/orm/jpa/HibernateJpaConfiguration.class]: Invocation of init method failed; nested exception is javax.persistence.PersistenceException: [PersistenceUnit: default] Unable to build Hibernate SessionFactory; nested exception is org.hibernate.cfg.beanvalidation.IntegrationException: Error activating Bean Validation integration
Caused by: javax.persistence.PersistenceException: [PersistenceUnit: default] Unable to build Hibernate SessionFactory; nested exception is org.hibernate.cfg.beanvalidation.IntegrationException: Error activating Bean Validation integration
Caused by: org.hibernate.cfg.beanvalidation.IntegrationException: Error activating Bean Validation integration
Caused by: java.lang.NoClassDefFoundError: javax/validation/ParameterNameProvider
Caused by: java.lang.ClassNotFoundException: javax.validation.ParameterNameProvider

canFindShipsWithPiratesFirstName(com.example.codeclan.pirateservice.PirateserviceApplicationTests)  Time elapsed: 0 s  <<< ERROR!
java.lang.IllegalStateException: Failed to load ApplicationContext
Caused by: org.springframework.beans.factory.BeanCreationException: Error creating bean with name 'entityManagerFactory' defined in class path resource [org/springframework/boot/autoconfigure/orm/jpa/HibernateJpaConfiguration.class]: Invocation of init method failed; nested exception is javax.persistence.PersistenceException: [PersistenceUnit: default] Unable to build Hibernate SessionFactory; nested exception is org.hibernate.cfg.beanvalidation.IntegrationException: Error activating Bean Validation integration
Caused by: javax.persistence.PersistenceException: [PersistenceUnit: default] Unable to build Hibernate SessionFactory; nested exception is org.hibernate.cfg.beanvalidation.IntegrationException: Error activating Bean Validation integration
Caused by: org.hibernate.cfg.beanvalidation.IntegrationException: Error activating Bean Validation integration
Caused by: java.lang.NoClassDefFoundError: javax/validation/ParameterNameProvider
Caused by: java.lang.ClassNotFoundException: javax.validation.ParameterNameProvider

createPirateAndRaidThenSave(com.example.codeclan.pirateservice.PirateserviceApplicationTests)  Time elapsed: 0 s  <<< ERROR!
java.lang.IllegalStateException: Failed to load ApplicationContext
Caused by: org.springframework.beans.factory.BeanCreationException: Error creating bean with name 'entityManagerFactory' defined in class path resource [org/springframework/boot/autoconfigure/orm/jpa/HibernateJpaConfiguration.class]: Invocation of init method failed; nested exception is javax.persistence.PersistenceException: [PersistenceUnit: default] Unable to build Hibernate SessionFactory; nested exception is org.hibernate.cfg.beanvalidation.IntegrationException: Error activating Bean Validation integration
Caused by: javax.persistence.PersistenceException: [PersistenceUnit: default] Unable to build Hibernate SessionFactory; nested exception is org.hibernate.cfg.beanvalidation.IntegrationException: Error activating Bean Validation integration
Caused by: org.hibernate.cfg.beanvalidation.IntegrationException: Error activating Bean Validation integration
Caused by: java.lang.NoClassDefFoundError: javax/validation/ParameterNameProvider
Caused by: java.lang.ClassNotFoundException: javax.validation.ParameterNameProvider

createPirateAndShipThenSave(com.example.codeclan.pirateservice.PirateserviceApplicationTests)  Time elapsed: 0 s  <<< ERROR!
java.lang.IllegalStateException: Failed to load ApplicationContext
Caused by: org.springframework.beans.factory.BeanCreationException: Error creating bean with name 'entityManagerFactory' defined in class path resource [org/springframework/boot/autoconfigure/orm/jpa/HibernateJpaConfiguration.class]: Invocation of init method failed; nested exception is javax.persistence.PersistenceException: [PersistenceUnit: default] Unable to build Hibernate SessionFactory; nested exception is org.hibernate.cfg.beanvalidation.IntegrationException: Error activating Bean Validation integration
Caused by: javax.persistence.PersistenceException: [PersistenceUnit: default] Unable to build Hibernate SessionFactory; nested exception is org.hibernate.cfg.beanvalidation.IntegrationException: Error activating Bean Validation integration
Caused by: org.hibernate.cfg.beanvalidation.IntegrationException: Error activating Bean Validation integration
Caused by: java.lang.NoClassDefFoundError: javax/validation/ParameterNameProvider
Caused by: java.lang.ClassNotFoundException: javax.validation.ParameterNameProvider

contextLoads(com.example.codeclan.pirateservice.PirateserviceApplicationTests)  Time elapsed: 0 s  <<< ERROR!
java.lang.IllegalStateException: Failed to load ApplicationContext
Caused by: org.springframework.beans.factory.BeanCreationException: Error creating bean with name 'entityManagerFactory' defined in class path resource [org/springframework/boot/autoconfigure/orm/jpa/HibernateJpaConfiguration.class]: Invocation of init method failed; nested exception is javax.persistence.PersistenceException: [PersistenceUnit: default] Unable to build Hibernate SessionFactory; nested exception is org.hibernate.cfg.beanvalidation.IntegrationException: Error activating Bean Validation integration
Caused by: javax.persistence.PersistenceException: [PersistenceUnit: default] Unable to build Hibernate SessionFactory; nested exception is org.hibernate.cfg.beanvalidation.IntegrationException: Error activating Bean Validation integration
Caused by: org.hibernate.cfg.beanvalidation.IntegrationException: Error activating Bean Validation integration
Caused by: java.lang.NoClassDefFoundError: javax/validation/ParameterNameProvider
Caused by: java.lang.ClassNotFoundException: javax.validation.ParameterNameProvider

canFindPiratesOver30(com.example.codeclan.pirateservice.PirateserviceApplicationTests)  Time elapsed: 0 s  <<< ERROR!
java.lang.IllegalStateException: Failed to load ApplicationContext
Caused by: org.springframework.beans.factory.BeanCreationException: Error creating bean with name 'entityManagerFactory' defined in class path resource [org/springframework/boot/autoconfigure/orm/jpa/HibernateJpaConfiguration.class]: Invocation of init method failed; nested exception is javax.persistence.PersistenceException: [PersistenceUnit: default] Unable to build Hibernate SessionFactory; nested exception is org.hibernate.cfg.beanvalidation.IntegrationException: Error activating Bean Validation integration
Caused by: javax.persistence.PersistenceException: [PersistenceUnit: default] Unable to build Hibernate SessionFactory; nested exception is org.hibernate.cfg.beanvalidation.IntegrationException: Error activating Bean Validation integration
Caused by: org.hibernate.cfg.beanvalidation.IntegrationException: Error activating Bean Validation integration
Caused by: java.lang.NoClassDefFoundError: javax/validation/ParameterNameProvider
Caused by: java.lang.ClassNotFoundException: javax.validation.ParameterNameProvider

